<?xml version="1.0" encoding="UTF-8"?>
<!-- Generated by org.testng.reporters.JUnitXMLReporter -->
<testsuite ignored="0" hostname="LAPTOP-HO37VHUL" failures="1" tests="6" name="Test" time="62.645" errors="0" timestamp="2023-08-08T17:17:19 IST">
  <testcase classname="com.ict.testcases.LoginTC" name="verify_1" time="3.944"/>
  <testcase classname="com.ict.testcases.Admin_CoursesTC" name="showPage" time="2.906"/>
  <testcase classname="com.ict.testcases.Admin_CoursesTC" name="table_iterate" time="4.037"/>
  <testcase classname="com.ict.testcases.Admin_AcademicTC" name="admin_academic" time="2.705"/>
  <testcase classname="com.ict.testcases.Admin_CorporateTC" name="admin_corporate" time="2.583"/>
  <testcase classname="com.ict.testcases.Admin_CorporateTC" name="tbl_iterate" time="7.504">
    <failure type="org.openqa.selenium.ElementClickInterceptedException" message="element click intercepted: Element is not clickable at point (1488, 73932)
  (Session info: chrome=112.0.5615.122)
Build info: version: &amp;apos;4.8.3&amp;apos;, revision: &amp;apos;e5e76298c3&amp;apos;
System info: os.name: &amp;apos;Windows 11&amp;apos;, os.arch: &amp;apos;amd64&amp;apos;, os.version: &amp;apos;10.0&amp;apos;, java.version: &amp;apos;17.0.6&amp;apos;
Driver info: org.openqa.selenium.chrome.ChromeDriver
Command: [7bbfc359b6de3bb861ddf23927824076, clickElement {id=505020f6-8de9-426b-ac80-0f187af8b7e4}]
Capabilities {acceptInsecureCerts: false, browserName: chrome, browserVersion: 112.0.5615.122, chrome: {chromedriverVersion: 112.0.5615.49 (bd2a7bcb881c..., userDataDir: C:\Users\91944\AppData\Loca...}, goog:chromeOptions: {debuggerAddress: localhost:62400}, networkConnectionEnabled: false, pageLoadStrategy: normal, platformName: WINDOWS, proxy: Proxy(), se:cdp: ws://localhost:62400/devtoo..., se:cdpVersion: 112.0.5615.122, setWindowRect: true, strictFileInteractability: false, timeouts: {implicit: 0, pageLoad: 300000, script: 30000}, unhandledPromptBehavior: dismiss and notify, webauthn:extension:credBlob: true, webauthn:extension:largeBlob: true, webauthn:extension:minPinLength: true, webauthn:extension:prf: true, webauthn:virtualAuthenticators: true}
Element: [[[[[[ChromeDriver: chrome on WINDOWS (7bbfc359b6de3bb861ddf23927824076)] -&amp;gt; xpath: //table[@id=&amp;apos;excel-table&amp;apos;]/tbody[1]/tr]] -&amp;gt; tag name: td]] -&amp;gt; xpath: (//i[@class=&amp;apos;fas fa-trash ms-3 text-danger&amp;apos; and @title=&amp;apos;Delete the corporate member&amp;apos;])[last()] ]
Session ID: 7bbfc359b6de3bb861ddf23927824076">
      <![CDATA[org.openqa.selenium.ElementClickInterceptedException: element click intercepted: Element is not clickable at point (1488, 73932)
  (Session info: chrome=112.0.5615.122)
Build info: version: '4.8.3', revision: 'e5e76298c3'
System info: os.name: 'Windows 11', os.arch: 'amd64', os.version: '10.0', java.version: '17.0.6'
Driver info: org.openqa.selenium.chrome.ChromeDriver
Command: [7bbfc359b6de3bb861ddf23927824076, clickElement {id=505020f6-8de9-426b-ac80-0f187af8b7e4}]
Capabilities {acceptInsecureCerts: false, browserName: chrome, browserVersion: 112.0.5615.122, chrome: {chromedriverVersion: 112.0.5615.49 (bd2a7bcb881c..., userDataDir: C:\Users\91944\AppData\Loca...}, goog:chromeOptions: {debuggerAddress: localhost:62400}, networkConnectionEnabled: false, pageLoadStrategy: normal, platformName: WINDOWS, proxy: Proxy(), se:cdp: ws://localhost:62400/devtoo..., se:cdpVersion: 112.0.5615.122, setWindowRect: true, strictFileInteractability: false, timeouts: {implicit: 0, pageLoad: 300000, script: 30000}, unhandledPromptBehavior: dismiss and notify, webauthn:extension:credBlob: true, webauthn:extension:largeBlob: true, webauthn:extension:minPinLength: true, webauthn:extension:prf: true, webauthn:virtualAuthenticators: true}
Element: [[[[[[ChromeDriver: chrome on WINDOWS (7bbfc359b6de3bb861ddf23927824076)] -> xpath: //table[@id='excel-table']/tbody[1]/tr]] -> tag name: td]] -> xpath: (//i[@class='fas fa-trash ms-3 text-danger' and @title='Delete the corporate member'])[last()] ]
Session ID: 7bbfc359b6de3bb861ddf23927824076
at org.openqa.selenium.remote.codec.w3c.W3CHttpResponseCodec.createException(W3CHttpResponseCodec.java:200)
at org.openqa.selenium.remote.codec.w3c.W3CHttpResponseCodec.decode(W3CHttpResponseCodec.java:133)
at org.openqa.selenium.remote.codec.w3c.W3CHttpResponseCodec.decode(W3CHttpResponseCodec.java:53)
at org.openqa.selenium.remote.HttpCommandExecutor.execute(HttpCommandExecutor.java:193)
at org.openqa.selenium.remote.service.DriverCommandExecutor.invokeExecute(DriverCommandExecutor.java:183)
at org.openqa.selenium.remote.service.DriverCommandExecutor.execute(DriverCommandExecutor.java:158)
at org.openqa.selenium.remote.RemoteWebDriver.execute(RemoteWebDriver.java:543)
at org.openqa.selenium.remote.RemoteWebElement.execute(RemoteWebElement.java:257)
at org.openqa.selenium.remote.RemoteWebElement.click(RemoteWebElement.java:78)
at org.ict.pages.Admin_Corporate.iterateTbl(Admin_Corporate.java:88)
at com.ict.testcases.Admin_CorporateTC.tbl_iterate(Admin_CorporateTC.java:57)
at java.base/java.util.ArrayList.forEach(ArrayList.java:1511)
... Removed 32 stack frames]]>
    </failure>
  </testcase> <!-- tbl_iterate -->
</testsuite> <!-- Test -->
